android/build/intermediates/manifest_merge_blame_file/debug/manifest-merger-blame-debug-report.txt
1<?xml version="1.0" encoding="utf-8"?>
2<manifest xmlns:android="http://schemas.android.com/apk/res/android"
3    package="com.pauldemarco.frccblue" >
4
5    <uses-sdk android:minSdkVersion="21" />
5-->src\main\AndroidManifest.xml
6
7    <uses-permission android:name="android.permission.BLUETOOTH" />
7-->src\main\AndroidManifest.xml:4:5-68
7-->src\main\AndroidManifest.xml:4:22-65
8    <uses-permission android:name="android.permission.BLUETOOTH_ADMIN" />
8-->src\main\AndroidManifest.xml:5:5-74
8-->src\main\AndroidManifest.xml:5:22-71
9    <uses-permission android:name="android.permission.WRITE_EXTERNAL_STORAGE" />
9-->src\main\AndroidManifest.xml:6:5-80
9-->src\main\AndroidManifest.xml:6:22-78
10    <uses-permission android:name="android.permission.FOREGROUND_SERVICE" />
10-->src\main\AndroidManifest.xml:7:5-76
10-->src\main\AndroidManifest.xml:7:22-74
11
12    <uses-feature
12-->src\main\AndroidManifest.xml:9:5-87
13        android:name="android.hardware.bluetooth"
13-->src\main\AndroidManifest.xml:9:19-60
14        android:required="true" />
14-->src\main\AndroidManifest.xml:9:61-84
15
16</manifest>